# JRE version: Java(TM) SE Runtime Environment (17.0.6+9) (build 17.0.6+9-LTS-190)
# Java VM: Java HotSpot(TM) 64-Bit Server VM (17.0.6+9-LTS-190, mixed mode, emulated-client, sharing, tiered, compressed oops, compressed class ptrs, g1 gc, linux-amd64)
GC Precious Log:
 CPUs: 4 total, 4 available
 Memory: 7861M
 Large Page Support: Disabled
 NUMA Support: Disabled
 Compressed Oops: Enabled (32-bit)
 Heap Region Size: 1M
 Heap Min Capacity: 8M
 Heap Initial Capacity: 124M
 Heap Max Capacity: 1966M
 Pre-touch: Disabled
 Parallel Workers: 4
 Concurrent Workers: 1
 Concurrent Refinement Workers: 4
 Periodic GC: Disabled
Heap:
 garbage-first heap   total 71680K, used 33673K [0x0000000085200000, 0x0000000100000000)
  region size 1024K, 16 young (16384K), 4 survivors (4096K)
 Metaspace       used 57312K, committed 57856K, reserved 1105920K
  class space    used 8185K, committed 8448K, reserved 1048576K
GC Heap History (20 events):
Event: 2.071 GC heap before
{Heap before GC invocations=2 (full 0):
 garbage-first heap   total 129024K, used 80253K [0x0000000085200000, 0x0000000100000000)
  region size 1024K, 74 young (75776K), 2 survivors (2048K)
 Metaspace       used 18320K, committed 18560K, reserved 1073152K
  class space    used 2563K, committed 2688K, reserved 1048576K
}
Event: 2.080 GC heap after
{Heap after GC invocations=3 (full 0):
 garbage-first heap   total 129024K, used 12122K [0x0000000085200000, 0x0000000100000000)
  region size 1024K, 6 young (6144K), 6 survivors (6144K)
 Metaspace       used 18320K, committed 18560K, reserved 1073152K
  class space    used 2563K, committed 2688K, reserved 1048576K
}
Event: 2.389 GC heap before
{Heap before GC invocations=3 (full 0):
 garbage-first heap   total 129024K, used 29530K [0x0000000085200000, 0x0000000100000000)
  region size 1024K, 24 young (24576K), 6 survivors (6144K)
 Metaspace       used 21205K, committed 21504K, reserved 1073152K
  class space    used 3040K, committed 3200K, reserved 1048576K
}
Event: 2.398 GC heap after
{Heap after GC invocations=4 (full 0):
 garbage-first heap   total 129024K, used 14185K [0x0000000085200000, 0x0000000100000000)
  region size 1024K, 7 young (7168K), 7 survivors (7168K)
 Metaspace       used 21205K, committed 21504K, reserved 1073152K
  class space    used 3040K, committed 3200K, reserved 1048576K
}
Event: 3.040 GC heap before
{Heap before GC invocations=5 (full 0):
 garbage-first heap   total 61440K, used 43881K [0x0000000085200000, 0x0000000100000000)
  region size 1024K, 36 young (36864K), 7 survivors (7168K)
 Metaspace       used 26698K, committed 27072K, reserved 1073152K
  class space    used 3752K, committed 3904K, reserved 1048576K
}
Event: 3.060 GC heap after
{Heap after GC invocations=6 (full 0):
 garbage-first heap   total 61440K, used 17005K [0x0000000085200000, 0x0000000100000000)
  region size 1024K, 5 young (5120K), 5 survivors (5120K)
 Metaspace       used 26698K, committed 27072K, reserved 1073152K
  class space    used 3752K, committed 3904K, reserved 1048576K
}
Event: 3.552 GC heap before
{Heap before GC invocations=6 (full 0):
 garbage-first heap   total 61440K, used 40557K [0x0000000085200000, 0x0000000100000000)
  region size 1024K, 29 young (29696K), 5 survivors (5120K)
 Metaspace       used 35609K, committed 35968K, reserved 1081344K
  class space    used 4983K, committed 5184K, reserved 1048576K
}
Event: 3.561 GC heap after
{Heap after GC invocations=7 (full 0):
 garbage-first heap   total 61440K, used 19120K [0x0000000085200000, 0x0000000100000000)
  region size 1024K, 3 young (3072K), 3 survivors (3072K)
 Metaspace       used 35609K, committed 35968K, reserved 1081344K
  class space    used 4983K, committed 5184K, reserved 1048576K
}
Event: 4.312 GC heap before
{Heap before GC invocations=8 (full 0):
 garbage-first heap   total 61440K, used 43696K [0x0000000085200000, 0x0000000100000000)
  region size 1024K, 28 young (28672K), 3 survivors (3072K)
 Metaspace       used 42777K, committed 43200K, reserved 1089536K
  class space    used 5926K, committed 6144K, reserved 1048576K
}
Event: 4.318 GC heap after
{Heap after GC invocations=9 (full 0):
 garbage-first heap   total 61440K, used 20694K [0x0000000085200000, 0x0000000100000000)
  region size 1024K, 4 young (4096K), 4 survivors (4096K)
 Metaspace       used 42777K, committed 43200K, reserved 1089536K
  class space    used 5926K, committed 6144K, reserved 1048576K
}
Event: 4.744 GC heap before
{Heap before GC invocations=10 (full 0):
 garbage-first heap   total 61440K, used 44246K [0x0000000085200000, 0x0000000100000000)
  region size 1024K, 28 young (28672K), 4 survivors (4096K)
 Metaspace       used 49041K, committed 49472K, reserved 1097728K
  class space    used 7075K, committed 7296K, reserved 1048576K
}
Event: 4.752 GC heap after
{Heap after GC invocations=11 (full 0):
 garbage-first heap   total 61440K, used 21718K [0x0000000085200000, 0x0000000100000000)
  region size 1024K, 3 young (3072K), 3 survivors (3072K)
 Metaspace       used 49041K, committed 49472K, reserved 1097728K
  class space    used 7075K, committed 7296K, reserved 1048576K
}
Event: 5.152 GC heap before
{Heap before GC invocations=11 (full 0):
 garbage-first heap   total 61440K, used 46294K [0x0000000085200000, 0x0000000100000000)
  region size 1024K, 27 young (27648K), 3 survivors (3072K)
 Metaspace       used 52582K, committed 53056K, reserved 1097728K
  class space    used 7562K, committed 7808K, reserved 1048576K
}
Event: 5.159 GC heap after
{Heap after GC invocations=12 (full 0):
 garbage-first heap   total 73728K, used 24248K [0x0000000085200000, 0x0000000100000000)
  region size 1024K, 4 young (4096K), 4 survivors (4096K)
 Metaspace       used 52582K, committed 53056K, reserved 1097728K
  class space    used 7562K, committed 7808K, reserved 1048576K
}
Event: 365.435 GC heap before
{Heap before GC invocations=12 (full 0):
 garbage-first heap   total 73728K, used 54968K [0x0000000085200000, 0x0000000100000000)
  region size 1024K, 34 young (34816K), 4 survivors (4096K)
 Metaspace       used 57145K, committed 57664K, reserved 1105920K
  class space    used 8175K, committed 8448K, reserved 1048576K
}
Event: 365.456 GC heap after
{Heap after GC invocations=13 (full 0):
 garbage-first heap   total 73728K, used 26044K [0x0000000085200000, 0x0000000100000000)
  region size 1024K, 5 young (5120K), 5 survivors (5120K)
 Metaspace       used 57145K, committed 57664K, reserved 1105920K
  class space    used 8175K, committed 8448K, reserved 1048576K
}
Event: 850.068 GC heap before
{Heap before GC invocations=13 (full 0):
 garbage-first heap   total 73728K, used 34236K [0x0000000085200000, 0x0000000100000000)
  region size 1024K, 14 young (14336K), 5 survivors (5120K)
 Metaspace       used 57297K, committed 57792K, reserved 1105920K
  class space    used 8208K, committed 8448K, reserved 1048576K
}
Event: 850.186 GC heap after
{Heap after GC invocations=14 (full 1):
 garbage-first heap   total 71680K, used 18766K [0x0000000085200000, 0x0000000100000000)
  region size 1024K, 0 young (0K), 0 survivors (0K)
 Metaspace       used 57107K, committed 57792K, reserved 1105920K
  class space    used 8163K, committed 8448K, reserved 1048576K
}
Event: 851.037 GC heap before
{Heap before GC invocations=14 (full 1):
 garbage-first heap   total 71680K, used 53582K [0x0000000085200000, 0x0000000100000000)
  region size 1024K, 34 young (34816K), 0 survivors (0K)
 Metaspace       used 57151K, committed 57792K, reserved 1105920K
  class space    used 8173K, committed 8448K, reserved 1048576K
}
Event: 851.055 GC heap after
{Heap after GC invocations=15 (full 1):
 garbage-first heap   total 71680K, used 22409K [0x0000000085200000, 0x0000000100000000)
  region size 1024K, 4 young (4096K), 4 survivors (4096K)
 Metaspace       used 57151K, committed 57792K, reserved 1105920K
  class space    used 8173K, committed 8448K, reserved 1048576K
}

